ERROR - 2023-06-12 22:07:50 --> Cannot add or update a child row: a foreign key constraint fails (`iuran_kas`.`iuran`, CONSTRAINT `fk_iuran_warga_idx` FOREIGN KEY (`warga_id`) REFERENCES `warga` (`id`))
CRITICAL - 2023-06-12 22:07:50 --> Cannot add or update a child row: a foreign key constraint fails (`iuran_kas`.`iuran`, CONSTRAINT `fk_iuran_warga_idx` FOREIGN KEY (`warga_id`) REFERENCES `warga` (`id`))
#0 C:\xampp\htdocs\Pengelolaan khas Rt\ci4\system\Database\MySQLi\Connection.php(292): mysqli->query('INSERT INTO `iu...', 0)
#1 C:\xampp\htdocs\Pengelolaan khas Rt\ci4\system\Database\BaseConnection.php(670): CodeIgniter\Database\MySQLi\Connection->execute('INSERT INTO `iu...')
#2 C:\xampp\htdocs\Pengelolaan khas Rt\ci4\system\Database\BaseConnection.php(598): CodeIgniter\Database\BaseConnection->simpleQuery('INSERT INTO `iu...')
#3 C:\xampp\htdocs\Pengelolaan khas Rt\ci4\system\Database\BaseBuilder.php(1771): CodeIgniter\Database\BaseConnection->query('INSERT INTO `iu...', Array, false)
#4 C:\xampp\htdocs\Pengelolaan khas Rt\ci4\app\Models\Iuran_Model.php(27): CodeIgniter\Database\BaseBuilder->insert(Array)
#5 C:\xampp\htdocs\Pengelolaan khas Rt\ci4\app\Controllers\iuran.php(38): App\Models\Iuran_Model->saveiuran(Array)
#6 C:\xampp\htdocs\Pengelolaan khas Rt\ci4\system\CodeIgniter.php(832): App\Controllers\iuran->add()
#7 C:\xampp\htdocs\Pengelolaan khas Rt\ci4\system\CodeIgniter.php(419): CodeIgniter\CodeIgniter->runController(Object(App\Controllers\iuran))
#8 C:\xampp\htdocs\Pengelolaan khas Rt\ci4\system\CodeIgniter.php(326): CodeIgniter\CodeIgniter->handleRequest(NULL, Object(Config\Cache), false)
#9 C:\xampp\htdocs\Pengelolaan khas Rt\ci4\public\index.php(37): CodeIgniter\CodeIgniter->run()
#10 C:\xampp\htdocs\Pengelolaan khas Rt\ci4\system\Commands\Server\rewrite.php(43): require_once('C:\\xampp\\htdocs...')
#11 {main}
ERROR - 2023-06-12 22:08:01 --> Duplicate entry '6' for key 'PRIMARY'
CRITICAL - 2023-06-12 22:08:01 --> Duplicate entry '6' for key 'PRIMARY'
#0 C:\xampp\htdocs\Pengelolaan khas Rt\ci4\system\Database\MySQLi\Connection.php(292): mysqli->query('INSERT INTO `iu...', 0)
#1 C:\xampp\htdocs\Pengelolaan khas Rt\ci4\system\Database\BaseConnection.php(670): CodeIgniter\Database\MySQLi\Connection->execute('INSERT INTO `iu...')
#2 C:\xampp\htdocs\Pengelolaan khas Rt\ci4\system\Database\BaseConnection.php(598): CodeIgniter\Database\BaseConnection->simpleQuery('INSERT INTO `iu...')
#3 C:\xampp\htdocs\Pengelolaan khas Rt\ci4\system\Database\BaseBuilder.php(1771): CodeIgniter\Database\BaseConnection->query('INSERT INTO `iu...', Array, false)
#4 C:\xampp\htdocs\Pengelolaan khas Rt\ci4\app\Models\Iuran_Model.php(27): CodeIgniter\Database\BaseBuilder->insert(Array)
#5 C:\xampp\htdocs\Pengelolaan khas Rt\ci4\app\Controllers\iuran.php(38): App\Models\Iuran_Model->saveiuran(Array)
#6 C:\xampp\htdocs\Pengelolaan khas Rt\ci4\system\CodeIgniter.php(832): App\Controllers\iuran->add()
#7 C:\xampp\htdocs\Pengelolaan khas Rt\ci4\system\CodeIgniter.php(419): CodeIgniter\CodeIgniter->runController(Object(App\Controllers\iuran))
#8 C:\xampp\htdocs\Pengelolaan khas Rt\ci4\system\CodeIgniter.php(326): CodeIgniter\CodeIgniter->handleRequest(NULL, Object(Config\Cache), false)
#9 C:\xampp\htdocs\Pengelolaan khas Rt\ci4\public\index.php(37): CodeIgniter\CodeIgniter->run()
#10 C:\xampp\htdocs\Pengelolaan khas Rt\ci4\system\Commands\Server\rewrite.php(43): require_once('C:\\xampp\\htdocs...')
#11 {main}
ERROR - 2023-06-12 22:08:52 --> Duplicate entry '1' for key 'PRIMARY'
CRITICAL - 2023-06-12 22:08:52 --> Duplicate entry '1' for key 'PRIMARY'
#0 C:\xampp\htdocs\Pengelolaan khas Rt\ci4\system\Database\MySQLi\Connection.php(292): mysqli->query('INSERT INTO `iu...', 0)
#1 C:\xampp\htdocs\Pengelolaan khas Rt\ci4\system\Database\BaseConnection.php(670): CodeIgniter\Database\MySQLi\Connection->execute('INSERT INTO `iu...')
#2 C:\xampp\htdocs\Pengelolaan khas Rt\ci4\system\Database\BaseConnection.php(598): CodeIgniter\Database\BaseConnection->simpleQuery('INSERT INTO `iu...')
#3 C:\xampp\htdocs\Pengelolaan khas Rt\ci4\system\Database\BaseBuilder.php(1771): CodeIgniter\Database\BaseConnection->query('INSERT INTO `iu...', Array, false)
#4 C:\xampp\htdocs\Pengelolaan khas Rt\ci4\app\Models\Iuran_Model.php(27): CodeIgniter\Database\BaseBuilder->insert(Array)
#5 C:\xampp\htdocs\Pengelolaan khas Rt\ci4\app\Controllers\iuran.php(38): App\Models\Iuran_Model->saveiuran(Array)
#6 C:\xampp\htdocs\Pengelolaan khas Rt\ci4\system\CodeIgniter.php(832): App\Controllers\iuran->add()
#7 C:\xampp\htdocs\Pengelolaan khas Rt\ci4\system\CodeIgniter.php(419): CodeIgniter\CodeIgniter->runController(Object(App\Controllers\iuran))
#8 C:\xampp\htdocs\Pengelolaan khas Rt\ci4\system\CodeIgniter.php(326): CodeIgniter\CodeIgniter->handleRequest(NULL, Object(Config\Cache), false)
#9 C:\xampp\htdocs\Pengelolaan khas Rt\ci4\public\index.php(37): CodeIgniter\CodeIgniter->run()
#10 C:\xampp\htdocs\Pengelolaan khas Rt\ci4\system\Commands\Server\rewrite.php(43): require_once('C:\\xampp\\htdocs...')
#11 {main}
ERROR - 2023-06-12 22:09:09 --> Duplicate entry '1' for key 'PRIMARY'
CRITICAL - 2023-06-12 22:09:09 --> Duplicate entry '1' for key 'PRIMARY'
#0 C:\xampp\htdocs\Pengelolaan khas Rt\ci4\system\Database\MySQLi\Connection.php(292): mysqli->query('INSERT INTO `iu...', 0)
#1 C:\xampp\htdocs\Pengelolaan khas Rt\ci4\system\Database\BaseConnection.php(670): CodeIgniter\Database\MySQLi\Connection->execute('INSERT INTO `iu...')
#2 C:\xampp\htdocs\Pengelolaan khas Rt\ci4\system\Database\BaseConnection.php(598): CodeIgniter\Database\BaseConnection->simpleQuery('INSERT INTO `iu...')
#3 C:\xampp\htdocs\Pengelolaan khas Rt\ci4\system\Database\BaseBuilder.php(1771): CodeIgniter\Database\BaseConnection->query('INSERT INTO `iu...', Array, false)
#4 C:\xampp\htdocs\Pengelolaan khas Rt\ci4\app\Models\Iuran_Model.php(27): CodeIgniter\Database\BaseBuilder->insert(Array)
#5 C:\xampp\htdocs\Pengelolaan khas Rt\ci4\app\Controllers\iuran.php(38): App\Models\Iuran_Model->saveiuran(Array)
#6 C:\xampp\htdocs\Pengelolaan khas Rt\ci4\system\CodeIgniter.php(832): App\Controllers\iuran->add()
#7 C:\xampp\htdocs\Pengelolaan khas Rt\ci4\system\CodeIgniter.php(419): CodeIgniter\CodeIgniter->runController(Object(App\Controllers\iuran))
#8 C:\xampp\htdocs\Pengelolaan khas Rt\ci4\system\CodeIgniter.php(326): CodeIgniter\CodeIgniter->handleRequest(NULL, Object(Config\Cache), false)
#9 C:\xampp\htdocs\Pengelolaan khas Rt\ci4\public\index.php(37): CodeIgniter\CodeIgniter->run()
#10 C:\xampp\htdocs\Pengelolaan khas Rt\ci4\system\Commands\Server\rewrite.php(43): require_once('C:\\xampp\\htdocs...')
#11 {main}
ERROR - 2023-06-12 22:11:55 --> Duplicate entry '6' for key 'PRIMARY'
CRITICAL - 2023-06-12 22:11:55 --> Duplicate entry '6' for key 'PRIMARY'
#0 C:\xampp\htdocs\Pengelolaan khas Rt\ci4\system\Database\MySQLi\Connection.php(292): mysqli->query('INSERT INTO `iu...', 0)
#1 C:\xampp\htdocs\Pengelolaan khas Rt\ci4\system\Database\BaseConnection.php(670): CodeIgniter\Database\MySQLi\Connection->execute('INSERT INTO `iu...')
#2 C:\xampp\htdocs\Pengelolaan khas Rt\ci4\system\Database\BaseConnection.php(598): CodeIgniter\Database\BaseConnection->simpleQuery('INSERT INTO `iu...')
#3 C:\xampp\htdocs\Pengelolaan khas Rt\ci4\system\Database\BaseBuilder.php(1771): CodeIgniter\Database\BaseConnection->query('INSERT INTO `iu...', Array, false)
#4 C:\xampp\htdocs\Pengelolaan khas Rt\ci4\app\Models\Iuran_Model.php(27): CodeIgniter\Database\BaseBuilder->insert(Array)
#5 C:\xampp\htdocs\Pengelolaan khas Rt\ci4\app\Controllers\iuran.php(38): App\Models\Iuran_Model->saveiuran(Array)
#6 C:\xampp\htdocs\Pengelolaan khas Rt\ci4\system\CodeIgniter.php(832): App\Controllers\iuran->add()
#7 C:\xampp\htdocs\Pengelolaan khas Rt\ci4\system\CodeIgniter.php(419): CodeIgniter\CodeIgniter->runController(Object(App\Controllers\iuran))
#8 C:\xampp\htdocs\Pengelolaan khas Rt\ci4\system\CodeIgniter.php(326): CodeIgniter\CodeIgniter->handleRequest(NULL, Object(Config\Cache), false)
#9 C:\xampp\htdocs\Pengelolaan khas Rt\ci4\public\index.php(37): CodeIgniter\CodeIgniter->run()
#10 C:\xampp\htdocs\Pengelolaan khas Rt\ci4\system\Commands\Server\rewrite.php(43): require_once('C:\\xampp\\htdocs...')
#11 {main}
ERROR - 2023-06-12 22:12:05 --> Cannot add or update a child row: a foreign key constraint fails (`iuran_kas`.`iuran`, CONSTRAINT `fk_iuran_warga_idx` FOREIGN KEY (`warga_id`) REFERENCES `warga` (`id`))
CRITICAL - 2023-06-12 22:12:05 --> Cannot add or update a child row: a foreign key constraint fails (`iuran_kas`.`iuran`, CONSTRAINT `fk_iuran_warga_idx` FOREIGN KEY (`warga_id`) REFERENCES `warga` (`id`))
#0 C:\xampp\htdocs\Pengelolaan khas Rt\ci4\system\Database\MySQLi\Connection.php(292): mysqli->query('INSERT INTO `iu...', 0)
#1 C:\xampp\htdocs\Pengelolaan khas Rt\ci4\system\Database\BaseConnection.php(670): CodeIgniter\Database\MySQLi\Connection->execute('INSERT INTO `iu...')
#2 C:\xampp\htdocs\Pengelolaan khas Rt\ci4\system\Database\BaseConnection.php(598): CodeIgniter\Database\BaseConnection->simpleQuery('INSERT INTO `iu...')
#3 C:\xampp\htdocs\Pengelolaan khas Rt\ci4\system\Database\BaseBuilder.php(1771): CodeIgniter\Database\BaseConnection->query('INSERT INTO `iu...', Array, false)
#4 C:\xampp\htdocs\Pengelolaan khas Rt\ci4\app\Models\Iuran_Model.php(27): CodeIgniter\Database\BaseBuilder->insert(Array)
#5 C:\xampp\htdocs\Pengelolaan khas Rt\ci4\app\Controllers\iuran.php(38): App\Models\Iuran_Model->saveiuran(Array)
#6 C:\xampp\htdocs\Pengelolaan khas Rt\ci4\system\CodeIgniter.php(832): App\Controllers\iuran->add()
#7 C:\xampp\htdocs\Pengelolaan khas Rt\ci4\system\CodeIgniter.php(419): CodeIgniter\CodeIgniter->runController(Object(App\Controllers\iuran))
#8 C:\xampp\htdocs\Pengelolaan khas Rt\ci4\system\CodeIgniter.php(326): CodeIgniter\CodeIgniter->handleRequest(NULL, Object(Config\Cache), false)
#9 C:\xampp\htdocs\Pengelolaan khas Rt\ci4\public\index.php(37): CodeIgniter\CodeIgniter->run()
#10 C:\xampp\htdocs\Pengelolaan khas Rt\ci4\system\Commands\Server\rewrite.php(43): require_once('C:\\xampp\\htdocs...')
#11 {main}
ERROR - 2023-06-12 22:15:04 --> Cannot add or update a child row: a foreign key constraint fails (`iuran_kas`.`iuran`, CONSTRAINT `fk_iuran_warga_idx` FOREIGN KEY (`warga_id`) REFERENCES `warga` (`id`))
CRITICAL - 2023-06-12 22:15:04 --> Cannot add or update a child row: a foreign key constraint fails (`iuran_kas`.`iuran`, CONSTRAINT `fk_iuran_warga_idx` FOREIGN KEY (`warga_id`) REFERENCES `warga` (`id`))
#0 C:\xampp\htdocs\Pengelolaan khas Rt\ci4\system\Database\MySQLi\Connection.php(292): mysqli->query('INSERT INTO `iu...', 0)
#1 C:\xampp\htdocs\Pengelolaan khas Rt\ci4\system\Database\BaseConnection.php(670): CodeIgniter\Database\MySQLi\Connection->execute('INSERT INTO `iu...')
#2 C:\xampp\htdocs\Pengelolaan khas Rt\ci4\system\Database\BaseConnection.php(598): CodeIgniter\Database\BaseConnection->simpleQuery('INSERT INTO `iu...')
#3 C:\xampp\htdocs\Pengelolaan khas Rt\ci4\system\Database\BaseBuilder.php(1771): CodeIgniter\Database\BaseConnection->query('INSERT INTO `iu...', Array, false)
#4 C:\xampp\htdocs\Pengelolaan khas Rt\ci4\app\Models\Iuran_Model.php(27): CodeIgniter\Database\BaseBuilder->insert(Array)
#5 C:\xampp\htdocs\Pengelolaan khas Rt\ci4\app\Controllers\iuran.php(38): App\Models\Iuran_Model->saveiuran(Array)
#6 C:\xampp\htdocs\Pengelolaan khas Rt\ci4\system\CodeIgniter.php(832): App\Controllers\iuran->add()
#7 C:\xampp\htdocs\Pengelolaan khas Rt\ci4\system\CodeIgniter.php(419): CodeIgniter\CodeIgniter->runController(Object(App\Controllers\iuran))
#8 C:\xampp\htdocs\Pengelolaan khas Rt\ci4\system\CodeIgniter.php(326): CodeIgniter\CodeIgniter->handleRequest(NULL, Object(Config\Cache), false)
#9 C:\xampp\htdocs\Pengelolaan khas Rt\ci4\public\index.php(37): CodeIgniter\CodeIgniter->run()
#10 C:\xampp\htdocs\Pengelolaan khas Rt\ci4\system\Commands\Server\rewrite.php(43): require_once('C:\\xampp\\htdocs...')
#11 {main}
ERROR - 2023-06-12 22:16:05 --> Duplicate entry '2' for key 'PRIMARY'
CRITICAL - 2023-06-12 22:16:05 --> Duplicate entry '2' for key 'PRIMARY'
#0 C:\xampp\htdocs\Pengelolaan khas Rt\ci4\system\Database\MySQLi\Connection.php(292): mysqli->query('INSERT INTO `iu...', 0)
#1 C:\xampp\htdocs\Pengelolaan khas Rt\ci4\system\Database\BaseConnection.php(670): CodeIgniter\Database\MySQLi\Connection->execute('INSERT INTO `iu...')
#2 C:\xampp\htdocs\Pengelolaan khas Rt\ci4\system\Database\BaseConnection.php(598): CodeIgniter\Database\BaseConnection->simpleQuery('INSERT INTO `iu...')
#3 C:\xampp\htdocs\Pengelolaan khas Rt\ci4\system\Database\BaseBuilder.php(1771): CodeIgniter\Database\BaseConnection->query('INSERT INTO `iu...', Array, false)
#4 C:\xampp\htdocs\Pengelolaan khas Rt\ci4\app\Models\Iuran_Model.php(27): CodeIgniter\Database\BaseBuilder->insert(Array)
#5 C:\xampp\htdocs\Pengelolaan khas Rt\ci4\app\Controllers\iuran.php(38): App\Models\Iuran_Model->saveiuran(Array)
#6 C:\xampp\htdocs\Pengelolaan khas Rt\ci4\system\CodeIgniter.php(832): App\Controllers\iuran->add()
#7 C:\xampp\htdocs\Pengelolaan khas Rt\ci4\system\CodeIgniter.php(419): CodeIgniter\CodeIgniter->runController(Object(App\Controllers\iuran))
#8 C:\xampp\htdocs\Pengelolaan khas Rt\ci4\system\CodeIgniter.php(326): CodeIgniter\CodeIgniter->handleRequest(NULL, Object(Config\Cache), false)
#9 C:\xampp\htdocs\Pengelolaan khas Rt\ci4\public\index.php(37): CodeIgniter\CodeIgniter->run()
#10 C:\xampp\htdocs\Pengelolaan khas Rt\ci4\system\Commands\Server\rewrite.php(43): require_once('C:\\xampp\\htdocs...')
#11 {main}
ERROR - 2023-06-12 22:18:16 --> Cannot add or update a child row: a foreign key constraint fails (`iuran_kas`.`iuran`, CONSTRAINT `fk_iuran_warga_idx` FOREIGN KEY (`warga_id`) REFERENCES `warga` (`id`))
CRITICAL - 2023-06-12 22:18:16 --> Cannot add or update a child row: a foreign key constraint fails (`iuran_kas`.`iuran`, CONSTRAINT `fk_iuran_warga_idx` FOREIGN KEY (`warga_id`) REFERENCES `warga` (`id`))
#0 C:\xampp\htdocs\Pengelolaan khas Rt\ci4\system\Database\MySQLi\Connection.php(292): mysqli->query('INSERT INTO `iu...', 0)
#1 C:\xampp\htdocs\Pengelolaan khas Rt\ci4\system\Database\BaseConnection.php(670): CodeIgniter\Database\MySQLi\Connection->execute('INSERT INTO `iu...')
#2 C:\xampp\htdocs\Pengelolaan khas Rt\ci4\system\Database\BaseConnection.php(598): CodeIgniter\Database\BaseConnection->simpleQuery('INSERT INTO `iu...')
#3 C:\xampp\htdocs\Pengelolaan khas Rt\ci4\system\Database\BaseBuilder.php(1771): CodeIgniter\Database\BaseConnection->query('INSERT INTO `iu...', Array, false)
#4 C:\xampp\htdocs\Pengelolaan khas Rt\ci4\app\Models\Iuran_Model.php(27): CodeIgniter\Database\BaseBuilder->insert(Array)
#5 C:\xampp\htdocs\Pengelolaan khas Rt\ci4\app\Controllers\iuran.php(38): App\Models\Iuran_Model->saveiuran(Array)
#6 C:\xampp\htdocs\Pengelolaan khas Rt\ci4\system\CodeIgniter.php(832): App\Controllers\iuran->add()
#7 C:\xampp\htdocs\Pengelolaan khas Rt\ci4\system\CodeIgniter.php(419): CodeIgniter\CodeIgniter->runController(Object(App\Controllers\iuran))
#8 C:\xampp\htdocs\Pengelolaan khas Rt\ci4\system\CodeIgniter.php(326): CodeIgniter\CodeIgniter->handleRequest(NULL, Object(Config\Cache), false)
#9 C:\xampp\htdocs\Pengelolaan khas Rt\ci4\public\index.php(37): CodeIgniter\CodeIgniter->run()
#10 C:\xampp\htdocs\Pengelolaan khas Rt\ci4\system\Commands\Server\rewrite.php(43): require_once('C:\\xampp\\htdocs...')
#11 {main}
ERROR - 2023-06-12 22:18:33 --> Cannot add or update a child row: a foreign key constraint fails (`iuran_kas`.`iuran`, CONSTRAINT `fk_iuran_warga_idx` FOREIGN KEY (`warga_id`) REFERENCES `warga` (`id`))
CRITICAL - 2023-06-12 22:18:33 --> Cannot add or update a child row: a foreign key constraint fails (`iuran_kas`.`iuran`, CONSTRAINT `fk_iuran_warga_idx` FOREIGN KEY (`warga_id`) REFERENCES `warga` (`id`))
#0 C:\xampp\htdocs\Pengelolaan khas Rt\ci4\system\Database\MySQLi\Connection.php(292): mysqli->query('INSERT INTO `iu...', 0)
#1 C:\xampp\htdocs\Pengelolaan khas Rt\ci4\system\Database\BaseConnection.php(670): CodeIgniter\Database\MySQLi\Connection->execute('INSERT INTO `iu...')
#2 C:\xampp\htdocs\Pengelolaan khas Rt\ci4\system\Database\BaseConnection.php(598): CodeIgniter\Database\BaseConnection->simpleQuery('INSERT INTO `iu...')
#3 C:\xampp\htdocs\Pengelolaan khas Rt\ci4\system\Database\BaseBuilder.php(1771): CodeIgniter\Database\BaseConnection->query('INSERT INTO `iu...', Array, false)
#4 C:\xampp\htdocs\Pengelolaan khas Rt\ci4\app\Models\Iuran_Model.php(27): CodeIgniter\Database\BaseBuilder->insert(Array)
#5 C:\xampp\htdocs\Pengelolaan khas Rt\ci4\app\Controllers\iuran.php(38): App\Models\Iuran_Model->saveiuran(Array)
#6 C:\xampp\htdocs\Pengelolaan khas Rt\ci4\system\CodeIgniter.php(832): App\Controllers\iuran->add()
#7 C:\xampp\htdocs\Pengelolaan khas Rt\ci4\system\CodeIgniter.php(419): CodeIgniter\CodeIgniter->runController(Object(App\Controllers\iuran))
#8 C:\xampp\htdocs\Pengelolaan khas Rt\ci4\system\CodeIgniter.php(326): CodeIgniter\CodeIgniter->handleRequest(NULL, Object(Config\Cache), false)
#9 C:\xampp\htdocs\Pengelolaan khas Rt\ci4\public\index.php(37): CodeIgniter\CodeIgniter->run()
#10 C:\xampp\htdocs\Pengelolaan khas Rt\ci4\system\Commands\Server\rewrite.php(43): require_once('C:\\xampp\\htdocs...')
#11 {main}
ERROR - 2023-06-12 22:20:56 --> Cannot add or update a child row: a foreign key constraint fails (`iuran_kas`.`iuran`, CONSTRAINT `fk_iuran_warga_idx` FOREIGN KEY (`warga_id`) REFERENCES `warga` (`id`))
CRITICAL - 2023-06-12 22:20:56 --> Cannot add or update a child row: a foreign key constraint fails (`iuran_kas`.`iuran`, CONSTRAINT `fk_iuran_warga_idx` FOREIGN KEY (`warga_id`) REFERENCES `warga` (`id`))
#0 C:\xampp\htdocs\Pengelolaan khas Rt\ci4\system\Database\MySQLi\Connection.php(292): mysqli->query('INSERT INTO `iu...', 0)
#1 C:\xampp\htdocs\Pengelolaan khas Rt\ci4\system\Database\BaseConnection.php(670): CodeIgniter\Database\MySQLi\Connection->execute('INSERT INTO `iu...')
#2 C:\xampp\htdocs\Pengelolaan khas Rt\ci4\system\Database\BaseConnection.php(598): CodeIgniter\Database\BaseConnection->simpleQuery('INSERT INTO `iu...')
#3 C:\xampp\htdocs\Pengelolaan khas Rt\ci4\system\Database\BaseBuilder.php(1771): CodeIgniter\Database\BaseConnection->query('INSERT INTO `iu...', Array, false)
#4 C:\xampp\htdocs\Pengelolaan khas Rt\ci4\app\Models\Iuran_Model.php(27): CodeIgniter\Database\BaseBuilder->insert(Array)
#5 C:\xampp\htdocs\Pengelolaan khas Rt\ci4\app\Controllers\iuran.php(38): App\Models\Iuran_Model->saveiuran(Array)
#6 C:\xampp\htdocs\Pengelolaan khas Rt\ci4\system\CodeIgniter.php(832): App\Controllers\iuran->add()
#7 C:\xampp\htdocs\Pengelolaan khas Rt\ci4\system\CodeIgniter.php(419): CodeIgniter\CodeIgniter->runController(Object(App\Controllers\iuran))
#8 C:\xampp\htdocs\Pengelolaan khas Rt\ci4\system\CodeIgniter.php(326): CodeIgniter\CodeIgniter->handleRequest(NULL, Object(Config\Cache), false)
#9 C:\xampp\htdocs\Pengelolaan khas Rt\ci4\public\index.php(37): CodeIgniter\CodeIgniter->run()
#10 C:\xampp\htdocs\Pengelolaan khas Rt\ci4\system\Commands\Server\rewrite.php(43): require_once('C:\\xampp\\htdocs...')
#11 {main}
ERROR - 2023-06-12 22:21:06 --> Duplicate entry '1' for key 'PRIMARY'
CRITICAL - 2023-06-12 22:21:06 --> Duplicate entry '1' for key 'PRIMARY'
#0 C:\xampp\htdocs\Pengelolaan khas Rt\ci4\system\Database\MySQLi\Connection.php(292): mysqli->query('INSERT INTO `iu...', 0)
#1 C:\xampp\htdocs\Pengelolaan khas Rt\ci4\system\Database\BaseConnection.php(670): CodeIgniter\Database\MySQLi\Connection->execute('INSERT INTO `iu...')
#2 C:\xampp\htdocs\Pengelolaan khas Rt\ci4\system\Database\BaseConnection.php(598): CodeIgniter\Database\BaseConnection->simpleQuery('INSERT INTO `iu...')
#3 C:\xampp\htdocs\Pengelolaan khas Rt\ci4\system\Database\BaseBuilder.php(1771): CodeIgniter\Database\BaseConnection->query('INSERT INTO `iu...', Array, false)
#4 C:\xampp\htdocs\Pengelolaan khas Rt\ci4\app\Models\Iuran_Model.php(27): CodeIgniter\Database\BaseBuilder->insert(Array)
#5 C:\xampp\htdocs\Pengelolaan khas Rt\ci4\app\Controllers\iuran.php(38): App\Models\Iuran_Model->saveiuran(Array)
#6 C:\xampp\htdocs\Pengelolaan khas Rt\ci4\system\CodeIgniter.php(832): App\Controllers\iuran->add()
#7 C:\xampp\htdocs\Pengelolaan khas Rt\ci4\system\CodeIgniter.php(419): CodeIgniter\CodeIgniter->runController(Object(App\Controllers\iuran))
#8 C:\xampp\htdocs\Pengelolaan khas Rt\ci4\system\CodeIgniter.php(326): CodeIgniter\CodeIgniter->handleRequest(NULL, Object(Config\Cache), false)
#9 C:\xampp\htdocs\Pengelolaan khas Rt\ci4\public\index.php(37): CodeIgniter\CodeIgniter->run()
#10 C:\xampp\htdocs\Pengelolaan khas Rt\ci4\system\Commands\Server\rewrite.php(43): require_once('C:\\xampp\\htdocs...')
#11 {main}
ERROR - 2023-06-12 22:21:27 --> Duplicate entry '1' for key 'PRIMARY'
CRITICAL - 2023-06-12 22:21:27 --> Duplicate entry '1' for key 'PRIMARY'
#0 C:\xampp\htdocs\Pengelolaan khas Rt\ci4\system\Database\MySQLi\Connection.php(292): mysqli->query('INSERT INTO `iu...', 0)
#1 C:\xampp\htdocs\Pengelolaan khas Rt\ci4\system\Database\BaseConnection.php(670): CodeIgniter\Database\MySQLi\Connection->execute('INSERT INTO `iu...')
#2 C:\xampp\htdocs\Pengelolaan khas Rt\ci4\system\Database\BaseConnection.php(598): CodeIgniter\Database\BaseConnection->simpleQuery('INSERT INTO `iu...')
#3 C:\xampp\htdocs\Pengelolaan khas Rt\ci4\system\Database\BaseBuilder.php(1771): CodeIgniter\Database\BaseConnection->query('INSERT INTO `iu...', Array, false)
#4 C:\xampp\htdocs\Pengelolaan khas Rt\ci4\app\Models\Iuran_Model.php(27): CodeIgniter\Database\BaseBuilder->insert(Array)
#5 C:\xampp\htdocs\Pengelolaan khas Rt\ci4\app\Controllers\iuran.php(38): App\Models\Iuran_Model->saveiuran(Array)
#6 C:\xampp\htdocs\Pengelolaan khas Rt\ci4\system\CodeIgniter.php(832): App\Controllers\iuran->add()
#7 C:\xampp\htdocs\Pengelolaan khas Rt\ci4\system\CodeIgniter.php(419): CodeIgniter\CodeIgniter->runController(Object(App\Controllers\iuran))
#8 C:\xampp\htdocs\Pengelolaan khas Rt\ci4\system\CodeIgniter.php(326): CodeIgniter\CodeIgniter->handleRequest(NULL, Object(Config\Cache), false)
#9 C:\xampp\htdocs\Pengelolaan khas Rt\ci4\public\index.php(37): CodeIgniter\CodeIgniter->run()
#10 C:\xampp\htdocs\Pengelolaan khas Rt\ci4\system\Commands\Server\rewrite.php(43): require_once('C:\\xampp\\htdocs...')
#11 {main}
ERROR - 2023-06-12 22:21:34 --> Duplicate entry '1' for key 'PRIMARY'
CRITICAL - 2023-06-12 22:21:34 --> Duplicate entry '1' for key 'PRIMARY'
#0 C:\xampp\htdocs\Pengelolaan khas Rt\ci4\system\Database\MySQLi\Connection.php(292): mysqli->query('INSERT INTO `iu...', 0)
#1 C:\xampp\htdocs\Pengelolaan khas Rt\ci4\system\Database\BaseConnection.php(670): CodeIgniter\Database\MySQLi\Connection->execute('INSERT INTO `iu...')
#2 C:\xampp\htdocs\Pengelolaan khas Rt\ci4\system\Database\BaseConnection.php(598): CodeIgniter\Database\BaseConnection->simpleQuery('INSERT INTO `iu...')
#3 C:\xampp\htdocs\Pengelolaan khas Rt\ci4\system\Database\BaseBuilder.php(1771): CodeIgniter\Database\BaseConnection->query('INSERT INTO `iu...', Array, false)
#4 C:\xampp\htdocs\Pengelolaan khas Rt\ci4\app\Models\Iuran_Model.php(27): CodeIgniter\Database\BaseBuilder->insert(Array)
#5 C:\xampp\htdocs\Pengelolaan khas Rt\ci4\app\Controllers\iuran.php(38): App\Models\Iuran_Model->saveiuran(Array)
#6 C:\xampp\htdocs\Pengelolaan khas Rt\ci4\system\CodeIgniter.php(832): App\Controllers\iuran->add()
#7 C:\xampp\htdocs\Pengelolaan khas Rt\ci4\system\CodeIgniter.php(419): CodeIgniter\CodeIgniter->runController(Object(App\Controllers\iuran))
#8 C:\xampp\htdocs\Pengelolaan khas Rt\ci4\system\CodeIgniter.php(326): CodeIgniter\CodeIgniter->handleRequest(NULL, Object(Config\Cache), false)
#9 C:\xampp\htdocs\Pengelolaan khas Rt\ci4\public\index.php(37): CodeIgniter\CodeIgniter->run()
#10 C:\xampp\htdocs\Pengelolaan khas Rt\ci4\system\Commands\Server\rewrite.php(43): require_once('C:\\xampp\\htdocs...')
#11 {main}
ERROR - 2023-06-12 22:22:44 --> Duplicate entry '2' for key 'PRIMARY'
CRITICAL - 2023-06-12 22:22:44 --> Duplicate entry '2' for key 'PRIMARY'
#0 C:\xampp\htdocs\Pengelolaan khas Rt\ci4\system\Database\MySQLi\Connection.php(292): mysqli->query('INSERT INTO `iu...', 0)
#1 C:\xampp\htdocs\Pengelolaan khas Rt\ci4\system\Database\BaseConnection.php(670): CodeIgniter\Database\MySQLi\Connection->execute('INSERT INTO `iu...')
#2 C:\xampp\htdocs\Pengelolaan khas Rt\ci4\system\Database\BaseConnection.php(598): CodeIgniter\Database\BaseConnection->simpleQuery('INSERT INTO `iu...')
#3 C:\xampp\htdocs\Pengelolaan khas Rt\ci4\system\Database\BaseBuilder.php(1771): CodeIgniter\Database\BaseConnection->query('INSERT INTO `iu...', Array, false)
#4 C:\xampp\htdocs\Pengelolaan khas Rt\ci4\app\Models\Iuran_Model.php(27): CodeIgniter\Database\BaseBuilder->insert(Array)
#5 C:\xampp\htdocs\Pengelolaan khas Rt\ci4\app\Controllers\iuran.php(38): App\Models\Iuran_Model->saveiuran(Array)
#6 C:\xampp\htdocs\Pengelolaan khas Rt\ci4\system\CodeIgniter.php(832): App\Controllers\iuran->add()
#7 C:\xampp\htdocs\Pengelolaan khas Rt\ci4\system\CodeIgniter.php(419): CodeIgniter\CodeIgniter->runController(Object(App\Controllers\iuran))
#8 C:\xampp\htdocs\Pengelolaan khas Rt\ci4\system\CodeIgniter.php(326): CodeIgniter\CodeIgniter->handleRequest(NULL, Object(Config\Cache), false)
#9 C:\xampp\htdocs\Pengelolaan khas Rt\ci4\public\index.php(37): CodeIgniter\CodeIgniter->run()
#10 C:\xampp\htdocs\Pengelolaan khas Rt\ci4\system\Commands\Server\rewrite.php(43): require_once('C:\\xampp\\htdocs...')
#11 {main}
ERROR - 2023-06-12 22:24:28 --> Duplicate entry '1' for key 'PRIMARY'
CRITICAL - 2023-06-12 22:24:28 --> Duplicate entry '1' for key 'PRIMARY'
#0 C:\xampp\htdocs\Pengelolaan khas Rt\ci4\system\Database\MySQLi\Connection.php(292): mysqli->query('INSERT INTO `iu...', 0)
#1 C:\xampp\htdocs\Pengelolaan khas Rt\ci4\system\Database\BaseConnection.php(670): CodeIgniter\Database\MySQLi\Connection->execute('INSERT INTO `iu...')
#2 C:\xampp\htdocs\Pengelolaan khas Rt\ci4\system\Database\BaseConnection.php(598): CodeIgniter\Database\BaseConnection->simpleQuery('INSERT INTO `iu...')
#3 C:\xampp\htdocs\Pengelolaan khas Rt\ci4\system\Database\BaseBuilder.php(1771): CodeIgniter\Database\BaseConnection->query('INSERT INTO `iu...', Array, false)
#4 C:\xampp\htdocs\Pengelolaan khas Rt\ci4\app\Models\Iuran_Model.php(27): CodeIgniter\Database\BaseBuilder->insert(Array)
#5 C:\xampp\htdocs\Pengelolaan khas Rt\ci4\app\Controllers\iuran.php(38): App\Models\Iuran_Model->saveiuran(Array)
#6 C:\xampp\htdocs\Pengelolaan khas Rt\ci4\system\CodeIgniter.php(832): App\Controllers\iuran->add()
#7 C:\xampp\htdocs\Pengelolaan khas Rt\ci4\system\CodeIgniter.php(419): CodeIgniter\CodeIgniter->runController(Object(App\Controllers\iuran))
#8 C:\xampp\htdocs\Pengelolaan khas Rt\ci4\system\CodeIgniter.php(326): CodeIgniter\CodeIgniter->handleRequest(NULL, Object(Config\Cache), false)
#9 C:\xampp\htdocs\Pengelolaan khas Rt\ci4\public\index.php(37): CodeIgniter\CodeIgniter->run()
#10 C:\xampp\htdocs\Pengelolaan khas Rt\ci4\system\Commands\Server\rewrite.php(43): require_once('C:\\xampp\\htdocs...')
#11 {main}
ERROR - 2023-06-12 22:24:37 --> Duplicate entry '1' for key 'PRIMARY'
CRITICAL - 2023-06-12 22:24:37 --> Duplicate entry '1' for key 'PRIMARY'
#0 C:\xampp\htdocs\Pengelolaan khas Rt\ci4\system\Database\MySQLi\Connection.php(292): mysqli->query('INSERT INTO `iu...', 0)
#1 C:\xampp\htdocs\Pengelolaan khas Rt\ci4\system\Database\BaseConnection.php(670): CodeIgniter\Database\MySQLi\Connection->execute('INSERT INTO `iu...')
#2 C:\xampp\htdocs\Pengelolaan khas Rt\ci4\system\Database\BaseConnection.php(598): CodeIgniter\Database\BaseConnection->simpleQuery('INSERT INTO `iu...')
#3 C:\xampp\htdocs\Pengelolaan khas Rt\ci4\system\Database\BaseBuilder.php(1771): CodeIgniter\Database\BaseConnection->query('INSERT INTO `iu...', Array, false)
#4 C:\xampp\htdocs\Pengelolaan khas Rt\ci4\app\Models\Iuran_Model.php(27): CodeIgniter\Database\BaseBuilder->insert(Array)
#5 C:\xampp\htdocs\Pengelolaan khas Rt\ci4\app\Controllers\iuran.php(38): App\Models\Iuran_Model->saveiuran(Array)
#6 C:\xampp\htdocs\Pengelolaan khas Rt\ci4\system\CodeIgniter.php(832): App\Controllers\iuran->add()
#7 C:\xampp\htdocs\Pengelolaan khas Rt\ci4\system\CodeIgniter.php(419): CodeIgniter\CodeIgniter->runController(Object(App\Controllers\iuran))
#8 C:\xampp\htdocs\Pengelolaan khas Rt\ci4\system\CodeIgniter.php(326): CodeIgniter\CodeIgniter->handleRequest(NULL, Object(Config\Cache), false)
#9 C:\xampp\htdocs\Pengelolaan khas Rt\ci4\public\index.php(37): CodeIgniter\CodeIgniter->run()
#10 C:\xampp\htdocs\Pengelolaan khas Rt\ci4\system\Commands\Server\rewrite.php(43): require_once('C:\\xampp\\htdocs...')
#11 {main}
ERROR - 2023-06-12 22:24:47 --> Duplicate entry '1' for key 'PRIMARY'
CRITICAL - 2023-06-12 22:24:47 --> Duplicate entry '1' for key 'PRIMARY'
#0 C:\xampp\htdocs\Pengelolaan khas Rt\ci4\system\Database\MySQLi\Connection.php(292): mysqli->query('INSERT INTO `iu...', 0)
#1 C:\xampp\htdocs\Pengelolaan khas Rt\ci4\system\Database\BaseConnection.php(670): CodeIgniter\Database\MySQLi\Connection->execute('INSERT INTO `iu...')
#2 C:\xampp\htdocs\Pengelolaan khas Rt\ci4\system\Database\BaseConnection.php(598): CodeIgniter\Database\BaseConnection->simpleQuery('INSERT INTO `iu...')
#3 C:\xampp\htdocs\Pengelolaan khas Rt\ci4\system\Database\BaseBuilder.php(1771): CodeIgniter\Database\BaseConnection->query('INSERT INTO `iu...', Array, false)
#4 C:\xampp\htdocs\Pengelolaan khas Rt\ci4\app\Models\Iuran_Model.php(27): CodeIgniter\Database\BaseBuilder->insert(Array)
#5 C:\xampp\htdocs\Pengelolaan khas Rt\ci4\app\Controllers\iuran.php(38): App\Models\Iuran_Model->saveiuran(Array)
#6 C:\xampp\htdocs\Pengelolaan khas Rt\ci4\system\CodeIgniter.php(832): App\Controllers\iuran->add()
#7 C:\xampp\htdocs\Pengelolaan khas Rt\ci4\system\CodeIgniter.php(419): CodeIgniter\CodeIgniter->runController(Object(App\Controllers\iuran))
#8 C:\xampp\htdocs\Pengelolaan khas Rt\ci4\system\CodeIgniter.php(326): CodeIgniter\CodeIgniter->handleRequest(NULL, Object(Config\Cache), false)
#9 C:\xampp\htdocs\Pengelolaan khas Rt\ci4\public\index.php(37): CodeIgniter\CodeIgniter->run()
#10 C:\xampp\htdocs\Pengelolaan khas Rt\ci4\system\Commands\Server\rewrite.php(43): require_once('C:\\xampp\\htdocs...')
#11 {main}
ERROR - 2023-06-12 22:27:53 --> Cannot add or update a child row: a foreign key constraint fails (`iuran_kas`.`iuran`, CONSTRAINT `fk_iuran_warga_idx` FOREIGN KEY (`warga_id`) REFERENCES `warga` (`id`))
CRITICAL - 2023-06-12 22:27:53 --> Cannot add or update a child row: a foreign key constraint fails (`iuran_kas`.`iuran`, CONSTRAINT `fk_iuran_warga_idx` FOREIGN KEY (`warga_id`) REFERENCES `warga` (`id`))
#0 C:\xampp\htdocs\Pengelolaan khas Rt\ci4\system\Database\MySQLi\Connection.php(292): mysqli->query('INSERT INTO `iu...', 0)
#1 C:\xampp\htdocs\Pengelolaan khas Rt\ci4\system\Database\BaseConnection.php(670): CodeIgniter\Database\MySQLi\Connection->execute('INSERT INTO `iu...')
#2 C:\xampp\htdocs\Pengelolaan khas Rt\ci4\system\Database\BaseConnection.php(598): CodeIgniter\Database\BaseConnection->simpleQuery('INSERT INTO `iu...')
#3 C:\xampp\htdocs\Pengelolaan khas Rt\ci4\system\Database\BaseBuilder.php(1771): CodeIgniter\Database\BaseConnection->query('INSERT INTO `iu...', Array, false)
#4 C:\xampp\htdocs\Pengelolaan khas Rt\ci4\app\Models\Iuran_Model.php(27): CodeIgniter\Database\BaseBuilder->insert(Array)
#5 C:\xampp\htdocs\Pengelolaan khas Rt\ci4\app\Controllers\iuran.php(38): App\Models\Iuran_Model->saveiuran(Array)
#6 C:\xampp\htdocs\Pengelolaan khas Rt\ci4\system\CodeIgniter.php(832): App\Controllers\iuran->add()
#7 C:\xampp\htdocs\Pengelolaan khas Rt\ci4\system\CodeIgniter.php(419): CodeIgniter\CodeIgniter->runController(Object(App\Controllers\iuran))
#8 C:\xampp\htdocs\Pengelolaan khas Rt\ci4\system\CodeIgniter.php(326): CodeIgniter\CodeIgniter->handleRequest(NULL, Object(Config\Cache), false)
#9 C:\xampp\htdocs\Pengelolaan khas Rt\ci4\public\index.php(37): CodeIgniter\CodeIgniter->run()
#10 C:\xampp\htdocs\Pengelolaan khas Rt\ci4\system\Commands\Server\rewrite.php(43): require_once('C:\\xampp\\htdocs...')
#11 {main}
ERROR - 2023-06-12 22:57:12 --> Unknown column 'warga_id' in 'field list'
CRITICAL - 2023-06-12 22:57:12 --> Unknown column 'warga_id' in 'field list'
#0 C:\xampp\htdocs\Pengelolaan khas Rt\ci4\system\Database\MySQLi\Connection.php(292): mysqli->query('INSERT INTO `iu...', 0)
#1 C:\xampp\htdocs\Pengelolaan khas Rt\ci4\system\Database\BaseConnection.php(670): CodeIgniter\Database\MySQLi\Connection->execute('INSERT INTO `iu...')
#2 C:\xampp\htdocs\Pengelolaan khas Rt\ci4\system\Database\BaseConnection.php(598): CodeIgniter\Database\BaseConnection->simpleQuery('INSERT INTO `iu...')
#3 C:\xampp\htdocs\Pengelolaan khas Rt\ci4\system\Database\BaseBuilder.php(1771): CodeIgniter\Database\BaseConnection->query('INSERT INTO `iu...', Array, false)
#4 C:\xampp\htdocs\Pengelolaan khas Rt\ci4\app\Models\Iuran_Model.php(27): CodeIgniter\Database\BaseBuilder->insert(Array)
#5 C:\xampp\htdocs\Pengelolaan khas Rt\ci4\app\Controllers\iuran.php(38): App\Models\Iuran_Model->saveiuran(Array)
#6 C:\xampp\htdocs\Pengelolaan khas Rt\ci4\system\CodeIgniter.php(832): App\Controllers\iuran->add()
#7 C:\xampp\htdocs\Pengelolaan khas Rt\ci4\system\CodeIgniter.php(419): CodeIgniter\CodeIgniter->runController(Object(App\Controllers\iuran))
#8 C:\xampp\htdocs\Pengelolaan khas Rt\ci4\system\CodeIgniter.php(326): CodeIgniter\CodeIgniter->handleRequest(NULL, Object(Config\Cache), false)
#9 C:\xampp\htdocs\Pengelolaan khas Rt\ci4\public\index.php(37): CodeIgniter\CodeIgniter->run()
#10 C:\xampp\htdocs\Pengelolaan khas Rt\ci4\system\Commands\Server\rewrite.php(43): require_once('C:\\xampp\\htdocs...')
#11 {main}
