ERROR - 2023-06-10 16:14:43 --> Error connecting to the database: Unknown database 'iuran_kas'
CRITICAL - 2023-06-10 16:14:43 --> Unable to connect to the database.
Main connection [MySQLi]: Unknown database 'iuran_kas'
#0 C:\xampp\htdocs\Pengelolaan khas Rt\ci4\system\Database\BaseConnection.php(577): CodeIgniter\Database\BaseConnection->initialize()
#1 C:\xampp\htdocs\Pengelolaan khas Rt\ci4\system\Database\BaseBuilder.php(1455): CodeIgniter\Database\BaseConnection->query('SELECT *\nFROM `...', Array, false)
#2 C:\xampp\htdocs\Pengelolaan khas Rt\ci4\system\Model.php(183): CodeIgniter\Database\BaseBuilder->get()
#3 C:\xampp\htdocs\Pengelolaan khas Rt\ci4\system\BaseModel.php(584): CodeIgniter\Model->doFindAll(0, 0)
#4 C:\xampp\htdocs\Pengelolaan khas Rt\ci4\app\Models\Warga_Model.php(15): CodeIgniter\BaseModel->findAll()
#5 C:\xampp\htdocs\Pengelolaan khas Rt\ci4\app\Controllers\warga.php(12): App\Models\Warga_Model->getwarga()
#6 C:\xampp\htdocs\Pengelolaan khas Rt\ci4\system\CodeIgniter.php(832): App\Controllers\warga->index()
#7 C:\xampp\htdocs\Pengelolaan khas Rt\ci4\system\CodeIgniter.php(419): CodeIgniter\CodeIgniter->runController(Object(App\Controllers\warga))
#8 C:\xampp\htdocs\Pengelolaan khas Rt\ci4\system\CodeIgniter.php(326): CodeIgniter\CodeIgniter->handleRequest(NULL, Object(Config\Cache), false)
#9 C:\xampp\htdocs\Pengelolaan khas Rt\ci4\public\index.php(37): CodeIgniter\CodeIgniter->run()
#10 C:\xampp\htdocs\Pengelolaan khas Rt\ci4\system\Commands\Server\rewrite.php(43): require_once('C:\\xampp\\htdocs...')
#11 {main}
ERROR - 2023-06-10 16:34:24 --> Cannot delete or update a parent row: a foreign key constraint fails (`iuran_kas`.`iuran`, CONSTRAINT `fk_iuran_warga_idx` FOREIGN KEY (`warga_id`) REFERENCES `warga` (`id`))
CRITICAL - 2023-06-10 16:34:24 --> Cannot delete or update a parent row: a foreign key constraint fails (`iuran_kas`.`iuran`, CONSTRAINT `fk_iuran_warga_idx` FOREIGN KEY (`warga_id`) REFERENCES `warga` (`id`))
#0 C:\xampp\htdocs\Pengelolaan khas Rt\ci4\system\Database\MySQLi\Connection.php(292): mysqli->query('DELETE FROM `wa...', 0)
#1 C:\xampp\htdocs\Pengelolaan khas Rt\ci4\system\Database\BaseConnection.php(670): CodeIgniter\Database\MySQLi\Connection->execute('DELETE FROM `wa...')
#2 C:\xampp\htdocs\Pengelolaan khas Rt\ci4\system\Database\BaseConnection.php(598): CodeIgniter\Database\BaseConnection->simpleQuery('DELETE FROM `wa...')
#3 C:\xampp\htdocs\Pengelolaan khas Rt\ci4\system\Database\BaseBuilder.php(2225): CodeIgniter\Database\BaseConnection->query('DELETE FROM `wa...', Array, false)
#4 C:\xampp\htdocs\Pengelolaan khas Rt\ci4\app\Models\Warga_Model.php(28): CodeIgniter\Database\BaseBuilder->delete(Array)
#5 C:\xampp\htdocs\Pengelolaan khas Rt\ci4\app\Controllers\warga.php(95): App\Models\Warga_Model->hapuswarga('6')
#6 C:\xampp\htdocs\Pengelolaan khas Rt\ci4\system\CodeIgniter.php(832): App\Controllers\warga->hapus('6')
#7 C:\xampp\htdocs\Pengelolaan khas Rt\ci4\system\CodeIgniter.php(419): CodeIgniter\CodeIgniter->runController(Object(App\Controllers\warga))
#8 C:\xampp\htdocs\Pengelolaan khas Rt\ci4\system\CodeIgniter.php(326): CodeIgniter\CodeIgniter->handleRequest(NULL, Object(Config\Cache), false)
#9 C:\xampp\htdocs\Pengelolaan khas Rt\ci4\public\index.php(37): CodeIgniter\CodeIgniter->run()
#10 C:\xampp\htdocs\Pengelolaan khas Rt\ci4\system\Commands\Server\rewrite.php(43): require_once('C:\\xampp\\htdocs...')
#11 {main}
ERROR - 2023-06-10 16:34:32 --> Cannot delete or update a parent row: a foreign key constraint fails (`iuran_kas`.`iuran`, CONSTRAINT `fk_iuran_warga_idx` FOREIGN KEY (`warga_id`) REFERENCES `warga` (`id`))
CRITICAL - 2023-06-10 16:34:32 --> Cannot delete or update a parent row: a foreign key constraint fails (`iuran_kas`.`iuran`, CONSTRAINT `fk_iuran_warga_idx` FOREIGN KEY (`warga_id`) REFERENCES `warga` (`id`))
#0 C:\xampp\htdocs\Pengelolaan khas Rt\ci4\system\Database\MySQLi\Connection.php(292): mysqli->query('DELETE FROM `wa...', 0)
#1 C:\xampp\htdocs\Pengelolaan khas Rt\ci4\system\Database\BaseConnection.php(670): CodeIgniter\Database\MySQLi\Connection->execute('DELETE FROM `wa...')
#2 C:\xampp\htdocs\Pengelolaan khas Rt\ci4\system\Database\BaseConnection.php(598): CodeIgniter\Database\BaseConnection->simpleQuery('DELETE FROM `wa...')
#3 C:\xampp\htdocs\Pengelolaan khas Rt\ci4\system\Database\BaseBuilder.php(2225): CodeIgniter\Database\BaseConnection->query('DELETE FROM `wa...', Array, false)
#4 C:\xampp\htdocs\Pengelolaan khas Rt\ci4\app\Models\Warga_Model.php(28): CodeIgniter\Database\BaseBuilder->delete(Array)
#5 C:\xampp\htdocs\Pengelolaan khas Rt\ci4\app\Controllers\warga.php(95): App\Models\Warga_Model->hapuswarga('6')
#6 C:\xampp\htdocs\Pengelolaan khas Rt\ci4\system\CodeIgniter.php(832): App\Controllers\warga->hapus('6')
#7 C:\xampp\htdocs\Pengelolaan khas Rt\ci4\system\CodeIgniter.php(419): CodeIgniter\CodeIgniter->runController(Object(App\Controllers\warga))
#8 C:\xampp\htdocs\Pengelolaan khas Rt\ci4\system\CodeIgniter.php(326): CodeIgniter\CodeIgniter->handleRequest(NULL, Object(Config\Cache), false)
#9 C:\xampp\htdocs\Pengelolaan khas Rt\ci4\public\index.php(37): CodeIgniter\CodeIgniter->run()
#10 C:\xampp\htdocs\Pengelolaan khas Rt\ci4\system\Commands\Server\rewrite.php(43): require_once('C:\\xampp\\htdocs...')
#11 {main}
ERROR - 2023-06-10 16:35:17 --> Cannot delete or update a parent row: a foreign key constraint fails (`iuran_kas`.`iuran`, CONSTRAINT `fk_iuran_warga_idx` FOREIGN KEY (`warga_id`) REFERENCES `warga` (`id`))
CRITICAL - 2023-06-10 16:35:17 --> Cannot delete or update a parent row: a foreign key constraint fails (`iuran_kas`.`iuran`, CONSTRAINT `fk_iuran_warga_idx` FOREIGN KEY (`warga_id`) REFERENCES `warga` (`id`))
#0 C:\xampp\htdocs\Pengelolaan khas Rt\ci4\system\Database\MySQLi\Connection.php(292): mysqli->query('DELETE FROM `wa...', 0)
#1 C:\xampp\htdocs\Pengelolaan khas Rt\ci4\system\Database\BaseConnection.php(670): CodeIgniter\Database\MySQLi\Connection->execute('DELETE FROM `wa...')
#2 C:\xampp\htdocs\Pengelolaan khas Rt\ci4\system\Database\BaseConnection.php(598): CodeIgniter\Database\BaseConnection->simpleQuery('DELETE FROM `wa...')
#3 C:\xampp\htdocs\Pengelolaan khas Rt\ci4\system\Database\BaseBuilder.php(2225): CodeIgniter\Database\BaseConnection->query('DELETE FROM `wa...', Array, false)
#4 C:\xampp\htdocs\Pengelolaan khas Rt\ci4\app\Models\Warga_Model.php(28): CodeIgniter\Database\BaseBuilder->delete(Array)
#5 C:\xampp\htdocs\Pengelolaan khas Rt\ci4\app\Controllers\warga.php(95): App\Models\Warga_Model->hapuswarga('5')
#6 C:\xampp\htdocs\Pengelolaan khas Rt\ci4\system\CodeIgniter.php(832): App\Controllers\warga->hapus('5')
#7 C:\xampp\htdocs\Pengelolaan khas Rt\ci4\system\CodeIgniter.php(419): CodeIgniter\CodeIgniter->runController(Object(App\Controllers\warga))
#8 C:\xampp\htdocs\Pengelolaan khas Rt\ci4\system\CodeIgniter.php(326): CodeIgniter\CodeIgniter->handleRequest(NULL, Object(Config\Cache), false)
#9 C:\xampp\htdocs\Pengelolaan khas Rt\ci4\public\index.php(37): CodeIgniter\CodeIgniter->run()
#10 C:\xampp\htdocs\Pengelolaan khas Rt\ci4\system\Commands\Server\rewrite.php(43): require_once('C:\\xampp\\htdocs...')
#11 {main}
ERROR - 2023-06-10 16:36:19 --> Cannot delete or update a parent row: a foreign key constraint fails (`iuran_kas`.`iuran`, CONSTRAINT `fk_iuran_warga_idx` FOREIGN KEY (`warga_id`) REFERENCES `warga` (`id`))
CRITICAL - 2023-06-10 16:36:19 --> Cannot delete or update a parent row: a foreign key constraint fails (`iuran_kas`.`iuran`, CONSTRAINT `fk_iuran_warga_idx` FOREIGN KEY (`warga_id`) REFERENCES `warga` (`id`))
#0 C:\xampp\htdocs\Pengelolaan khas Rt\ci4\system\Database\MySQLi\Connection.php(292): mysqli->query('DELETE FROM `wa...', 0)
#1 C:\xampp\htdocs\Pengelolaan khas Rt\ci4\system\Database\BaseConnection.php(670): CodeIgniter\Database\MySQLi\Connection->execute('DELETE FROM `wa...')
#2 C:\xampp\htdocs\Pengelolaan khas Rt\ci4\system\Database\BaseConnection.php(598): CodeIgniter\Database\BaseConnection->simpleQuery('DELETE FROM `wa...')
#3 C:\xampp\htdocs\Pengelolaan khas Rt\ci4\system\Database\BaseBuilder.php(2225): CodeIgniter\Database\BaseConnection->query('DELETE FROM `wa...', Array, false)
#4 C:\xampp\htdocs\Pengelolaan khas Rt\ci4\app\Models\Warga_Model.php(28): CodeIgniter\Database\BaseBuilder->delete(Array)
#5 C:\xampp\htdocs\Pengelolaan khas Rt\ci4\app\Controllers\warga.php(95): App\Models\Warga_Model->hapuswarga('6')
#6 C:\xampp\htdocs\Pengelolaan khas Rt\ci4\system\CodeIgniter.php(832): App\Controllers\warga->hapus('6')
#7 C:\xampp\htdocs\Pengelolaan khas Rt\ci4\system\CodeIgniter.php(419): CodeIgniter\CodeIgniter->runController(Object(App\Controllers\warga))
#8 C:\xampp\htdocs\Pengelolaan khas Rt\ci4\system\CodeIgniter.php(326): CodeIgniter\CodeIgniter->handleRequest(NULL, Object(Config\Cache), false)
#9 C:\xampp\htdocs\Pengelolaan khas Rt\ci4\public\index.php(37): CodeIgniter\CodeIgniter->run()
#10 C:\xampp\htdocs\Pengelolaan khas Rt\ci4\system\Commands\Server\rewrite.php(43): require_once('C:\\xampp\\htdocs...')
#11 {main}
ERROR - 2023-06-10 16:37:46 --> Cannot delete or update a parent row: a foreign key constraint fails (`iuran_kas`.`iuran`, CONSTRAINT `fk_iuran_warga_idx` FOREIGN KEY (`warga_id`) REFERENCES `warga` (`id`))
CRITICAL - 2023-06-10 16:37:46 --> Cannot delete or update a parent row: a foreign key constraint fails (`iuran_kas`.`iuran`, CONSTRAINT `fk_iuran_warga_idx` FOREIGN KEY (`warga_id`) REFERENCES `warga` (`id`))
#0 C:\xampp\htdocs\Pengelolaan khas Rt\ci4\system\Database\MySQLi\Connection.php(292): mysqli->query('DELETE FROM `wa...', 0)
#1 C:\xampp\htdocs\Pengelolaan khas Rt\ci4\system\Database\BaseConnection.php(670): CodeIgniter\Database\MySQLi\Connection->execute('DELETE FROM `wa...')
#2 C:\xampp\htdocs\Pengelolaan khas Rt\ci4\system\Database\BaseConnection.php(598): CodeIgniter\Database\BaseConnection->simpleQuery('DELETE FROM `wa...')
#3 C:\xampp\htdocs\Pengelolaan khas Rt\ci4\system\Database\BaseBuilder.php(2225): CodeIgniter\Database\BaseConnection->query('DELETE FROM `wa...', Array, false)
#4 C:\xampp\htdocs\Pengelolaan khas Rt\ci4\app\Models\Warga_Model.php(28): CodeIgniter\Database\BaseBuilder->delete(Array)
#5 C:\xampp\htdocs\Pengelolaan khas Rt\ci4\app\Controllers\warga.php(95): App\Models\Warga_Model->hapuswarga('6')
#6 C:\xampp\htdocs\Pengelolaan khas Rt\ci4\system\CodeIgniter.php(832): App\Controllers\warga->hapus('6')
#7 C:\xampp\htdocs\Pengelolaan khas Rt\ci4\system\CodeIgniter.php(419): CodeIgniter\CodeIgniter->runController(Object(App\Controllers\warga))
#8 C:\xampp\htdocs\Pengelolaan khas Rt\ci4\system\CodeIgniter.php(326): CodeIgniter\CodeIgniter->handleRequest(NULL, Object(Config\Cache), false)
#9 C:\xampp\htdocs\Pengelolaan khas Rt\ci4\public\index.php(37): CodeIgniter\CodeIgniter->run()
#10 C:\xampp\htdocs\Pengelolaan khas Rt\ci4\system\Commands\Server\rewrite.php(43): require_once('C:\\xampp\\htdocs...')
#11 {main}
ERROR - 2023-06-10 16:38:57 --> Cannot delete or update a parent row: a foreign key constraint fails (`iuran_kas`.`iuran`, CONSTRAINT `fk_iuran_warga_idx` FOREIGN KEY (`warga_id`) REFERENCES `warga` (`id`))
CRITICAL - 2023-06-10 16:38:57 --> Cannot delete or update a parent row: a foreign key constraint fails (`iuran_kas`.`iuran`, CONSTRAINT `fk_iuran_warga_idx` FOREIGN KEY (`warga_id`) REFERENCES `warga` (`id`))
#0 C:\xampp\htdocs\Pengelolaan khas Rt\ci4\system\Database\MySQLi\Connection.php(292): mysqli->query('DELETE FROM `wa...', 0)
#1 C:\xampp\htdocs\Pengelolaan khas Rt\ci4\system\Database\BaseConnection.php(670): CodeIgniter\Database\MySQLi\Connection->execute('DELETE FROM `wa...')
#2 C:\xampp\htdocs\Pengelolaan khas Rt\ci4\system\Database\BaseConnection.php(598): CodeIgniter\Database\BaseConnection->simpleQuery('DELETE FROM `wa...')
#3 C:\xampp\htdocs\Pengelolaan khas Rt\ci4\system\Database\BaseBuilder.php(2225): CodeIgniter\Database\BaseConnection->query('DELETE FROM `wa...', Array, false)
#4 C:\xampp\htdocs\Pengelolaan khas Rt\ci4\app\Models\Warga_Model.php(28): CodeIgniter\Database\BaseBuilder->delete(Array)
#5 C:\xampp\htdocs\Pengelolaan khas Rt\ci4\app\Controllers\warga.php(95): App\Models\Warga_Model->hapuswarga('6')
#6 C:\xampp\htdocs\Pengelolaan khas Rt\ci4\system\CodeIgniter.php(832): App\Controllers\warga->hapus('6')
#7 C:\xampp\htdocs\Pengelolaan khas Rt\ci4\system\CodeIgniter.php(419): CodeIgniter\CodeIgniter->runController(Object(App\Controllers\warga))
#8 C:\xampp\htdocs\Pengelolaan khas Rt\ci4\system\CodeIgniter.php(326): CodeIgniter\CodeIgniter->handleRequest(NULL, Object(Config\Cache), false)
#9 C:\xampp\htdocs\Pengelolaan khas Rt\ci4\public\index.php(37): CodeIgniter\CodeIgniter->run()
#10 C:\xampp\htdocs\Pengelolaan khas Rt\ci4\system\Commands\Server\rewrite.php(43): require_once('C:\\xampp\\htdocs...')
#11 {main}
ERROR - 2023-06-10 16:39:04 --> Cannot delete or update a parent row: a foreign key constraint fails (`iuran_kas`.`iuran`, CONSTRAINT `fk_iuran_warga_idx` FOREIGN KEY (`warga_id`) REFERENCES `warga` (`id`))
CRITICAL - 2023-06-10 16:39:04 --> Cannot delete or update a parent row: a foreign key constraint fails (`iuran_kas`.`iuran`, CONSTRAINT `fk_iuran_warga_idx` FOREIGN KEY (`warga_id`) REFERENCES `warga` (`id`))
#0 C:\xampp\htdocs\Pengelolaan khas Rt\ci4\system\Database\MySQLi\Connection.php(292): mysqli->query('DELETE FROM `wa...', 0)
#1 C:\xampp\htdocs\Pengelolaan khas Rt\ci4\system\Database\BaseConnection.php(670): CodeIgniter\Database\MySQLi\Connection->execute('DELETE FROM `wa...')
#2 C:\xampp\htdocs\Pengelolaan khas Rt\ci4\system\Database\BaseConnection.php(598): CodeIgniter\Database\BaseConnection->simpleQuery('DELETE FROM `wa...')
#3 C:\xampp\htdocs\Pengelolaan khas Rt\ci4\system\Database\BaseBuilder.php(2225): CodeIgniter\Database\BaseConnection->query('DELETE FROM `wa...', Array, false)
#4 C:\xampp\htdocs\Pengelolaan khas Rt\ci4\app\Models\Warga_Model.php(28): CodeIgniter\Database\BaseBuilder->delete(Array)
#5 C:\xampp\htdocs\Pengelolaan khas Rt\ci4\app\Controllers\warga.php(95): App\Models\Warga_Model->hapuswarga('1')
#6 C:\xampp\htdocs\Pengelolaan khas Rt\ci4\system\CodeIgniter.php(832): App\Controllers\warga->hapus('1')
#7 C:\xampp\htdocs\Pengelolaan khas Rt\ci4\system\CodeIgniter.php(419): CodeIgniter\CodeIgniter->runController(Object(App\Controllers\warga))
#8 C:\xampp\htdocs\Pengelolaan khas Rt\ci4\system\CodeIgniter.php(326): CodeIgniter\CodeIgniter->handleRequest(NULL, Object(Config\Cache), false)
#9 C:\xampp\htdocs\Pengelolaan khas Rt\ci4\public\index.php(37): CodeIgniter\CodeIgniter->run()
#10 C:\xampp\htdocs\Pengelolaan khas Rt\ci4\system\Commands\Server\rewrite.php(43): require_once('C:\\xampp\\htdocs...')
#11 {main}
ERROR - 2023-06-10 16:39:09 --> Cannot delete or update a parent row: a foreign key constraint fails (`iuran_kas`.`iuran`, CONSTRAINT `fk_iuran_warga_idx` FOREIGN KEY (`warga_id`) REFERENCES `warga` (`id`))
CRITICAL - 2023-06-10 16:39:09 --> Cannot delete or update a parent row: a foreign key constraint fails (`iuran_kas`.`iuran`, CONSTRAINT `fk_iuran_warga_idx` FOREIGN KEY (`warga_id`) REFERENCES `warga` (`id`))
#0 C:\xampp\htdocs\Pengelolaan khas Rt\ci4\system\Database\MySQLi\Connection.php(292): mysqli->query('DELETE FROM `wa...', 0)
#1 C:\xampp\htdocs\Pengelolaan khas Rt\ci4\system\Database\BaseConnection.php(670): CodeIgniter\Database\MySQLi\Connection->execute('DELETE FROM `wa...')
#2 C:\xampp\htdocs\Pengelolaan khas Rt\ci4\system\Database\BaseConnection.php(598): CodeIgniter\Database\BaseConnection->simpleQuery('DELETE FROM `wa...')
#3 C:\xampp\htdocs\Pengelolaan khas Rt\ci4\system\Database\BaseBuilder.php(2225): CodeIgniter\Database\BaseConnection->query('DELETE FROM `wa...', Array, false)
#4 C:\xampp\htdocs\Pengelolaan khas Rt\ci4\app\Models\Warga_Model.php(28): CodeIgniter\Database\BaseBuilder->delete(Array)
#5 C:\xampp\htdocs\Pengelolaan khas Rt\ci4\app\Controllers\warga.php(95): App\Models\Warga_Model->hapuswarga('2')
#6 C:\xampp\htdocs\Pengelolaan khas Rt\ci4\system\CodeIgniter.php(832): App\Controllers\warga->hapus('2')
#7 C:\xampp\htdocs\Pengelolaan khas Rt\ci4\system\CodeIgniter.php(419): CodeIgniter\CodeIgniter->runController(Object(App\Controllers\warga))
#8 C:\xampp\htdocs\Pengelolaan khas Rt\ci4\system\CodeIgniter.php(326): CodeIgniter\CodeIgniter->handleRequest(NULL, Object(Config\Cache), false)
#9 C:\xampp\htdocs\Pengelolaan khas Rt\ci4\public\index.php(37): CodeIgniter\CodeIgniter->run()
#10 C:\xampp\htdocs\Pengelolaan khas Rt\ci4\system\Commands\Server\rewrite.php(43): require_once('C:\\xampp\\htdocs...')
#11 {main}
ERROR - 2023-06-10 16:39:37 --> Cannot delete or update a parent row: a foreign key constraint fails (`iuran_kas`.`iuran`, CONSTRAINT `fk_iuran_warga_idx` FOREIGN KEY (`warga_id`) REFERENCES `warga` (`id`))
CRITICAL - 2023-06-10 16:39:37 --> Cannot delete or update a parent row: a foreign key constraint fails (`iuran_kas`.`iuran`, CONSTRAINT `fk_iuran_warga_idx` FOREIGN KEY (`warga_id`) REFERENCES `warga` (`id`))
#0 C:\xampp\htdocs\Pengelolaan khas Rt\ci4\system\Database\MySQLi\Connection.php(292): mysqli->query('DELETE FROM `wa...', 0)
#1 C:\xampp\htdocs\Pengelolaan khas Rt\ci4\system\Database\BaseConnection.php(670): CodeIgniter\Database\MySQLi\Connection->execute('DELETE FROM `wa...')
#2 C:\xampp\htdocs\Pengelolaan khas Rt\ci4\system\Database\BaseConnection.php(598): CodeIgniter\Database\BaseConnection->simpleQuery('DELETE FROM `wa...')
#3 C:\xampp\htdocs\Pengelolaan khas Rt\ci4\system\Database\BaseBuilder.php(2225): CodeIgniter\Database\BaseConnection->query('DELETE FROM `wa...', Array, false)
#4 C:\xampp\htdocs\Pengelolaan khas Rt\ci4\app\Models\Warga_Model.php(28): CodeIgniter\Database\BaseBuilder->delete(Array)
#5 C:\xampp\htdocs\Pengelolaan khas Rt\ci4\app\Controllers\warga.php(95): App\Models\Warga_Model->hapuswarga('5')
#6 C:\xampp\htdocs\Pengelolaan khas Rt\ci4\system\CodeIgniter.php(832): App\Controllers\warga->hapus('5')
#7 C:\xampp\htdocs\Pengelolaan khas Rt\ci4\system\CodeIgniter.php(419): CodeIgniter\CodeIgniter->runController(Object(App\Controllers\warga))
#8 C:\xampp\htdocs\Pengelolaan khas Rt\ci4\system\CodeIgniter.php(326): CodeIgniter\CodeIgniter->handleRequest(NULL, Object(Config\Cache), false)
#9 C:\xampp\htdocs\Pengelolaan khas Rt\ci4\public\index.php(37): CodeIgniter\CodeIgniter->run()
#10 C:\xampp\htdocs\Pengelolaan khas Rt\ci4\system\Commands\Server\rewrite.php(43): require_once('C:\\xampp\\htdocs...')
#11 {main}
ERROR - 2023-06-10 16:41:49 --> Cannot delete or update a parent row: a foreign key constraint fails (`iuran_kas`.`iuran`, CONSTRAINT `fk_iuran_warga_idx` FOREIGN KEY (`warga_id`) REFERENCES `warga` (`id`))
CRITICAL - 2023-06-10 16:41:49 --> Cannot delete or update a parent row: a foreign key constraint fails (`iuran_kas`.`iuran`, CONSTRAINT `fk_iuran_warga_idx` FOREIGN KEY (`warga_id`) REFERENCES `warga` (`id`))
#0 C:\xampp\htdocs\Pengelolaan khas Rt\ci4\system\Database\MySQLi\Connection.php(292): mysqli->query('DELETE FROM `wa...', 0)
#1 C:\xampp\htdocs\Pengelolaan khas Rt\ci4\system\Database\BaseConnection.php(670): CodeIgniter\Database\MySQLi\Connection->execute('DELETE FROM `wa...')
#2 C:\xampp\htdocs\Pengelolaan khas Rt\ci4\system\Database\BaseConnection.php(598): CodeIgniter\Database\BaseConnection->simpleQuery('DELETE FROM `wa...')
#3 C:\xampp\htdocs\Pengelolaan khas Rt\ci4\system\Database\BaseBuilder.php(2225): CodeIgniter\Database\BaseConnection->query('DELETE FROM `wa...', Array, false)
#4 C:\xampp\htdocs\Pengelolaan khas Rt\ci4\app\Models\Warga_Model.php(28): CodeIgniter\Database\BaseBuilder->delete(Array)
#5 C:\xampp\htdocs\Pengelolaan khas Rt\ci4\app\Controllers\warga.php(95): App\Models\Warga_Model->hapuswarga('6')
#6 C:\xampp\htdocs\Pengelolaan khas Rt\ci4\system\CodeIgniter.php(832): App\Controllers\warga->hapus('6')
#7 C:\xampp\htdocs\Pengelolaan khas Rt\ci4\system\CodeIgniter.php(419): CodeIgniter\CodeIgniter->runController(Object(App\Controllers\warga))
#8 C:\xampp\htdocs\Pengelolaan khas Rt\ci4\system\CodeIgniter.php(326): CodeIgniter\CodeIgniter->handleRequest(NULL, Object(Config\Cache), false)
#9 C:\xampp\htdocs\Pengelolaan khas Rt\ci4\public\index.php(37): CodeIgniter\CodeIgniter->run()
#10 C:\xampp\htdocs\Pengelolaan khas Rt\ci4\system\Commands\Server\rewrite.php(43): require_once('C:\\xampp\\htdocs...')
#11 {main}
ERROR - 2023-06-10 16:41:57 --> Cannot delete or update a parent row: a foreign key constraint fails (`iuran_kas`.`iuran`, CONSTRAINT `fk_iuran_warga_idx` FOREIGN KEY (`warga_id`) REFERENCES `warga` (`id`))
CRITICAL - 2023-06-10 16:41:57 --> Cannot delete or update a parent row: a foreign key constraint fails (`iuran_kas`.`iuran`, CONSTRAINT `fk_iuran_warga_idx` FOREIGN KEY (`warga_id`) REFERENCES `warga` (`id`))
#0 C:\xampp\htdocs\Pengelolaan khas Rt\ci4\system\Database\MySQLi\Connection.php(292): mysqli->query('DELETE FROM `wa...', 0)
#1 C:\xampp\htdocs\Pengelolaan khas Rt\ci4\system\Database\BaseConnection.php(670): CodeIgniter\Database\MySQLi\Connection->execute('DELETE FROM `wa...')
#2 C:\xampp\htdocs\Pengelolaan khas Rt\ci4\system\Database\BaseConnection.php(598): CodeIgniter\Database\BaseConnection->simpleQuery('DELETE FROM `wa...')
#3 C:\xampp\htdocs\Pengelolaan khas Rt\ci4\system\Database\BaseBuilder.php(2225): CodeIgniter\Database\BaseConnection->query('DELETE FROM `wa...', Array, false)
#4 C:\xampp\htdocs\Pengelolaan khas Rt\ci4\app\Models\Warga_Model.php(28): CodeIgniter\Database\BaseBuilder->delete(Array)
#5 C:\xampp\htdocs\Pengelolaan khas Rt\ci4\app\Controllers\warga.php(95): App\Models\Warga_Model->hapuswarga('5')
#6 C:\xampp\htdocs\Pengelolaan khas Rt\ci4\system\CodeIgniter.php(832): App\Controllers\warga->hapus('5')
#7 C:\xampp\htdocs\Pengelolaan khas Rt\ci4\system\CodeIgniter.php(419): CodeIgniter\CodeIgniter->runController(Object(App\Controllers\warga))
#8 C:\xampp\htdocs\Pengelolaan khas Rt\ci4\system\CodeIgniter.php(326): CodeIgniter\CodeIgniter->handleRequest(NULL, Object(Config\Cache), false)
#9 C:\xampp\htdocs\Pengelolaan khas Rt\ci4\public\index.php(37): CodeIgniter\CodeIgniter->run()
#10 C:\xampp\htdocs\Pengelolaan khas Rt\ci4\system\Commands\Server\rewrite.php(43): require_once('C:\\xampp\\htdocs...')
#11 {main}
