ERROR - 2023-06-23 07:20:48 --> Unknown column 'warga_id' in 'field list'
CRITICAL - 2023-06-23 07:20:48 --> Unknown column 'warga_id' in 'field list'
#0 C:\xampp\htdocs\Pengelolaan khas Rt\ci4\system\Database\MySQLi\Connection.php(292): mysqli->query('INSERT INTO `iu...', 0)
#1 C:\xampp\htdocs\Pengelolaan khas Rt\ci4\system\Database\BaseConnection.php(670): CodeIgniter\Database\MySQLi\Connection->execute('INSERT INTO `iu...')
#2 C:\xampp\htdocs\Pengelolaan khas Rt\ci4\system\Database\BaseConnection.php(598): CodeIgniter\Database\BaseConnection->simpleQuery('INSERT INTO `iu...')
#3 C:\xampp\htdocs\Pengelolaan khas Rt\ci4\system\Database\BaseBuilder.php(1771): CodeIgniter\Database\BaseConnection->query('INSERT INTO `iu...', Array, false)
#4 C:\xampp\htdocs\Pengelolaan khas Rt\ci4\app\Models\Iuran_Model.php(27): CodeIgniter\Database\BaseBuilder->insert(Array)
#5 C:\xampp\htdocs\Pengelolaan khas Rt\ci4\app\Controllers\iuran.php(38): App\Models\Iuran_Model->saveiuran(Array)
#6 C:\xampp\htdocs\Pengelolaan khas Rt\ci4\system\CodeIgniter.php(832): App\Controllers\iuran->add()
#7 C:\xampp\htdocs\Pengelolaan khas Rt\ci4\system\CodeIgniter.php(419): CodeIgniter\CodeIgniter->runController(Object(App\Controllers\iuran))
#8 C:\xampp\htdocs\Pengelolaan khas Rt\ci4\system\CodeIgniter.php(326): CodeIgniter\CodeIgniter->handleRequest(NULL, Object(Config\Cache), false)
#9 C:\xampp\htdocs\Pengelolaan khas Rt\ci4\public\index.php(37): CodeIgniter\CodeIgniter->run()
#10 C:\xampp\htdocs\Pengelolaan khas Rt\ci4\system\Commands\Server\rewrite.php(43): require_once('C:\\xampp\\htdocs...')
#11 {main}
ERROR - 2023-06-23 07:20:55 --> Unknown column 'warga_id' in 'field list'
CRITICAL - 2023-06-23 07:20:55 --> Unknown column 'warga_id' in 'field list'
#0 C:\xampp\htdocs\Pengelolaan khas Rt\ci4\system\Database\MySQLi\Connection.php(292): mysqli->query('INSERT INTO `iu...', 0)
#1 C:\xampp\htdocs\Pengelolaan khas Rt\ci4\system\Database\BaseConnection.php(670): CodeIgniter\Database\MySQLi\Connection->execute('INSERT INTO `iu...')
#2 C:\xampp\htdocs\Pengelolaan khas Rt\ci4\system\Database\BaseConnection.php(598): CodeIgniter\Database\BaseConnection->simpleQuery('INSERT INTO `iu...')
#3 C:\xampp\htdocs\Pengelolaan khas Rt\ci4\system\Database\BaseBuilder.php(1771): CodeIgniter\Database\BaseConnection->query('INSERT INTO `iu...', Array, false)
#4 C:\xampp\htdocs\Pengelolaan khas Rt\ci4\app\Models\Iuran_Model.php(27): CodeIgniter\Database\BaseBuilder->insert(Array)
#5 C:\xampp\htdocs\Pengelolaan khas Rt\ci4\app\Controllers\iuran.php(38): App\Models\Iuran_Model->saveiuran(Array)
#6 C:\xampp\htdocs\Pengelolaan khas Rt\ci4\system\CodeIgniter.php(832): App\Controllers\iuran->add()
#7 C:\xampp\htdocs\Pengelolaan khas Rt\ci4\system\CodeIgniter.php(419): CodeIgniter\CodeIgniter->runController(Object(App\Controllers\iuran))
#8 C:\xampp\htdocs\Pengelolaan khas Rt\ci4\system\CodeIgniter.php(326): CodeIgniter\CodeIgniter->handleRequest(NULL, Object(Config\Cache), false)
#9 C:\xampp\htdocs\Pengelolaan khas Rt\ci4\public\index.php(37): CodeIgniter\CodeIgniter->run()
#10 C:\xampp\htdocs\Pengelolaan khas Rt\ci4\system\Commands\Server\rewrite.php(43): require_once('C:\\xampp\\htdocs...')
#11 {main}
ERROR - 2023-06-23 07:21:03 --> Unknown column 'warga_id' in 'field list'
CRITICAL - 2023-06-23 07:21:03 --> Unknown column 'warga_id' in 'field list'
#0 C:\xampp\htdocs\Pengelolaan khas Rt\ci4\system\Database\MySQLi\Connection.php(292): mysqli->query('INSERT INTO `iu...', 0)
#1 C:\xampp\htdocs\Pengelolaan khas Rt\ci4\system\Database\BaseConnection.php(670): CodeIgniter\Database\MySQLi\Connection->execute('INSERT INTO `iu...')
#2 C:\xampp\htdocs\Pengelolaan khas Rt\ci4\system\Database\BaseConnection.php(598): CodeIgniter\Database\BaseConnection->simpleQuery('INSERT INTO `iu...')
#3 C:\xampp\htdocs\Pengelolaan khas Rt\ci4\system\Database\BaseBuilder.php(1771): CodeIgniter\Database\BaseConnection->query('INSERT INTO `iu...', Array, false)
#4 C:\xampp\htdocs\Pengelolaan khas Rt\ci4\app\Models\Iuran_Model.php(27): CodeIgniter\Database\BaseBuilder->insert(Array)
#5 C:\xampp\htdocs\Pengelolaan khas Rt\ci4\app\Controllers\iuran.php(38): App\Models\Iuran_Model->saveiuran(Array)
#6 C:\xampp\htdocs\Pengelolaan khas Rt\ci4\system\CodeIgniter.php(832): App\Controllers\iuran->add()
#7 C:\xampp\htdocs\Pengelolaan khas Rt\ci4\system\CodeIgniter.php(419): CodeIgniter\CodeIgniter->runController(Object(App\Controllers\iuran))
#8 C:\xampp\htdocs\Pengelolaan khas Rt\ci4\system\CodeIgniter.php(326): CodeIgniter\CodeIgniter->handleRequest(NULL, Object(Config\Cache), false)
#9 C:\xampp\htdocs\Pengelolaan khas Rt\ci4\public\index.php(37): CodeIgniter\CodeIgniter->run()
#10 C:\xampp\htdocs\Pengelolaan khas Rt\ci4\system\Commands\Server\rewrite.php(43): require_once('C:\\xampp\\htdocs...')
#11 {main}
